/*C10*/SET SCHEMA PUBLIC
CREATE TABLE IF NOT EXISTS PERFIL ( IDENTIFICADOR INTEGER NOT NULL GENERATED BY DEFAULT AS IDENTITY(START WITH 100, INCREMENT BY 1), NOME VARCHAR(50) NOT NULL, ATIVO BOOLEAN NOT NULL, DATA_CADASTRO DATE NOT NULL, PRIMARY KEY(IDENTIFICADOR))
DISCONNECT
/*C11*/SET SCHEMA PUBLIC
CREATE TABLE IF NOT EXISTS ESTADO ( IDENTIFICADOR INTEGER NOT NULL GENERATED BY DEFAULT AS IDENTITY(START WITH 100, INCREMENT BY 1), DESCRICAO VARCHAR(40) NOT NULL, SIGLA VARCHAR(2) NOT NULL, PRIMARY KEY(IDENTIFICADOR))
DISCONNECT
/*C12*/SET SCHEMA PUBLIC
CREATE TABLE IF NOT EXISTS CIDADE ( IDENTIFICADOR INTEGER NOT NULL GENERATED BY DEFAULT AS IDENTITY(START WITH 100, INCREMENT BY 1), DESCRICAO VARCHAR(50) NOT NULL, IDENTIFICADOR_ESTADO INTEGER NOT NULL, PRIMARY KEY(IDENTIFICADOR), FOREIGN KEY (IDENTIFICADOR_ESTADO) REFERENCES ESTADO(IDENTIFICADOR))
DISCONNECT
/*C13*/SET SCHEMA PUBLIC
CREATE TABLE IF NOT EXISTS BAIRRO ( IDENTIFICADOR INTEGER NOT NULL GENERATED BY DEFAULT AS IDENTITY(START WITH 100, INCREMENT BY 1), DESCRICAO VARCHAR(100) NOT NULL,IDENTIFICADOR_CIDADE INTEGER, PRIMARY KEY(IDENTIFICADOR), FOREIGN KEY(IDENTIFICADOR_CIDADE) REFERENCES CIDADE (IDENTIFICADOR))
DISCONNECT
/*C14*/SET SCHEMA PUBLIC
CREATE TABLE IF NOT EXISTS LOGRADOURO ( IDENTIFICADOR INTEGER NOT NULL GENERATED BY DEFAULT AS IDENTITY(START WITH 100, INCREMENT BY 1), DESCRICAO VARCHAR(100) NOT NULL,IDENTIFICADOR_BAIRRO INTEGER, PRIMARY KEY(IDENTIFICADOR), FOREIGN KEY(IDENTIFICADOR_BAIRRO) REFERENCES LOGRADOURO (IDENTIFICADOR))
DISCONNECT
/*C15*/SET SCHEMA PUBLIC
CREATE TABLE IF NOT EXISTS CEP ( CEP INTEGER NOT NULL, IDENTIFICADOR_LOGRADOURO INTEGER NOT NULL, PRIMARY KEY (CEP), FOREIGN KEY (IDENTIFICADOR_LOGRADOURO) REFERENCES LOGRADOURO(IDENTIFICADOR))
DISCONNECT
/*C16*/SET SCHEMA PUBLIC
CREATE TABLE IF NOT EXISTS TIPO_ENDERECO ( IDENTIFICADOR INTEGER NOT NULL GENERATED BY DEFAULT AS IDENTITY(START WITH 100, INCREMENT BY 1), DESCRICAO VARCHAR(20) NOT NULL,  PRIMARY KEY(IDENTIFICADOR))
DISCONNECT
/*C17*/SET SCHEMA PUBLIC
CREATE TABLE IF NOT EXISTS ENDERECO ( IDENTIFICADOR INTEGER GENERATED BY DEFAULT AS IDENTITY(START WITH 100 INCREMENT BY 1) NOT NULL, CEP_CEP INTEGER NOT NULL, COMPLEMENTO VARCHAR(100) NOT NULL, NUMERO INTEGER NOT NULL, IDENTIFICADOR_TIPO_ENDERECO INTEGER NOT NULL, PONTO_DE_REFERENCIA VARCHAR(100) NOT NULL, PRIMARY KEY(IDENTIFICADOR), FOREIGN KEY(IDENTIFICADOR_TIPO_ENDERECO) REFERENCES TIPO_ENDERECO(IDENTIFICADOR), FOREIGN KEY(CEP_CEP) REFERENCES CEP(CEP))
DISCONNECT
